  Intelt_Sci.cpp
d:\算法课设\cpp_opencv\intelt_sci\intelt_sci\intelt_sci.cpp(12): warning C4305: “初始化”: 从“double”到“float”截断
d:\算法课设\cpp_opencv\intelt_sci\intelt_sci\intelt_sci.cpp(32): warning C4305: “初始化”: 从“double”到“float”截断
d:\算法课设\cpp_opencv\intelt_sci\intelt_sci\intelt_sci.cpp(36): warning C4305: “初始化”: 从“double”到“float”截断
d:\算法课设\cpp_opencv\intelt_sci\intelt_sci\intelt_sci.cpp(37): warning C4305: “初始化”: 从“double”到“float”截断
d:\算法课设\cpp_opencv\intelt_sci\intelt_sci\intelt_sci.cpp(143): warning C4244: “初始化”: 从“float”转换到“int”，可能丢失数据
d:\算法课设\cpp_opencv\intelt_sci\intelt_sci\intelt_sci.cpp(147): warning C4244: “=”: 从“double”转换到“_Tp”，可能丢失数据
          with
          [
              _Tp=float
          ]
d:\算法课设\cpp_opencv\intelt_sci\intelt_sci\intelt_sci.cpp(148): warning C4244: “=”: 从“_Tp”转换到“int”，可能丢失数据
          with
          [
              _Tp=float
          ]
d:\算法课设\cpp_opencv\intelt_sci\intelt_sci\intelt_sci.cpp(149): warning C4244: “=”: 从“_Tp”转换到“int”，可能丢失数据
          with
          [
              _Tp=float
          ]
d:\算法课设\cpp_opencv\intelt_sci\intelt_sci\intelt_sci.cpp(154): warning C4244: “=”: 从“double”转换到“_Tp”，可能丢失数据
          with
          [
              _Tp=float
          ]
d:\算法课设\cpp_opencv\intelt_sci\intelt_sci\intelt_sci.cpp(157): warning C4305: “=”: 从“double”到“_Tp”截断
          with
          [
              _Tp=float
          ]
LINK : warning LNK4075: 忽略“/INCREMENTAL”(由于“/FORCE”规范)
test.obj : warning LNK4006: main 已在 Intelt_Sci.obj 中定义；已忽略第二个定义
D:\算法课设\cpp_openCV\Intelt_Sci\x64\Debug\Intelt_Sci.exe : warning LNK4088: 因 /FORCE 选项生成了映像；映像可能不能运行
  Intelt_Sci.vcxproj -> D:\算法课设\cpp_openCV\Intelt_Sci\x64\Debug\Intelt_Sci.exe
